<?xml version="1.0" encoding="UTF-8"?>
<!-- Generated by org.testng.reporters.JUnitReportReporter -->
<testsuite skipped="0" hostname="DESKTOP-T682CD6" name="com.java.testNG.DataProvider" tests="3" failures="0" timestamp="16 Apr 2020 10:10:08 GMT" time="60.776" errors="0">
  <testcase name="doAutoComplete" time="10.118" classname="com.java.testNG.DataProvider"/>
  <testcase name="doAutoComplete" time="33.132" classname="com.java.testNG.DataProvider"/>
  <testcase name="doAutoComplete" time="17.526" classname="com.java.testNG.DataProvider"/>
</testsuite> <!-- com.java.testNG.DataProvider -->
